[2024-11-06 08:40:32] local.ERROR: could not find driver (Connection: mysql, SQL: select exists (select 1 from information_schema.tables where table_schema = 'pokerrange' and table_name = 'migrations' and table_type in ('BASE TABLE', 'SYSTEM VERSIONED')) as `exists`) {"exception":"[object] (Illuminate\\Database\\QueryException(code: 0): could not find driver (Connection: mysql, SQL: select exists (select 1 from information_schema.tables where table_schema = 'pokerrange' and table_name = 'migrations' and table_type in ('BASE TABLE', 'SYSTEM VERSIONED')) as `exists`) at C:\\Users\\pierr\\Desktop\\Code\\Projets Github\\PokerRange\\vendor\\laravel\\framework\\src\\Illuminate\\Database\\Connection.php:825)
[stacktrace]
#0 C:\\Users\\pierr\\Desktop\\Code\\Projets Github\\PokerRange\\vendor\\laravel\\framework\\src\\Illuminate\\Database\\Connection.php(779): Illuminate\\Database\\Connection->runQueryCallback()
#1 C:\\Users\\pierr\\Desktop\\Code\\Projets Github\\PokerRange\\vendor\\laravel\\framework\\src\\Illuminate\\Database\\Connection.php(398): Illuminate\\Database\\Connection->run()
#2 C:\\Users\\pierr\\Desktop\\Code\\Projets Github\\PokerRange\\vendor\\laravel\\framework\\src\\Illuminate\\Database\\Connection.php(344): Illuminate\\Database\\Connection->select()
#3 C:\\Users\\pierr\\Desktop\\Code\\Projets Github\\PokerRange\\vendor\\laravel\\framework\\src\\Illuminate\\Database\\Connection.php(361): Illuminate\\Database\\Connection->selectOne()
#4 C:\\Users\\pierr\\Desktop\\Code\\Projets Github\\PokerRange\\vendor\\laravel\\framework\\src\\Illuminate\\Database\\Schema\\MySqlBuilder.php(45): Illuminate\\Database\\Connection->scalar()
#5 C:\\Users\\pierr\\Desktop\\Code\\Projets Github\\PokerRange\\vendor\\laravel\\framework\\src\\Illuminate\\Database\\Migrations\\DatabaseMigrationRepository.php(184): Illuminate\\Database\\Schema\\MySqlBuilder->hasTable()
#6 C:\\Users\\pierr\\Desktop\\Code\\Projets Github\\PokerRange\\vendor\\laravel\\framework\\src\\Illuminate\\Database\\Migrations\\Migrator.php(680): Illuminate\\Database\\Migrations\\DatabaseMigrationRepository->repositoryExists()
#7 C:\\Users\\pierr\\Desktop\\Code\\Projets Github\\PokerRange\\vendor\\laravel\\framework\\src\\Illuminate\\Database\\Console\\Migrations\\MigrateCommand.php(164): Illuminate\\Database\\Migrations\\Migrator->repositoryExists()
#8 C:\\Users\\pierr\\Desktop\\Code\\Projets Github\\PokerRange\\vendor\\laravel\\framework\\src\\Illuminate\\Support\\helpers.php(319): Illuminate\\Database\\Console\\Migrations\\MigrateCommand->Illuminate\\Database\\Console\\Migrations\\{closure}()
#9 C:\\Users\\pierr\\Desktop\\Code\\Projets Github\\PokerRange\\vendor\\laravel\\framework\\src\\Illuminate\\Database\\Console\\Migrations\\MigrateCommand.php(164): retry()
#10 C:\\Users\\pierr\\Desktop\\Code\\Projets Github\\PokerRange\\vendor\\laravel\\framework\\src\\Illuminate\\Database\\Console\\Migrations\\MigrateCommand.php(140): Illuminate\\Database\\Console\\Migrations\\MigrateCommand->repositoryExists()
#11 C:\\Users\\pierr\\Desktop\\Code\\Projets Github\\PokerRange\\vendor\\laravel\\framework\\src\\Illuminate\\Database\\Console\\Migrations\\MigrateCommand.php(110): Illuminate\\Database\\Console\\Migrations\\MigrateCommand->prepareDatabase()
#12 C:\\Users\\pierr\\Desktop\\Code\\Projets Github\\PokerRange\\vendor\\laravel\\framework\\src\\Illuminate\\Database\\Migrations\\Migrator.php(615): Illuminate\\Database\\Console\\Migrations\\MigrateCommand->Illuminate\\Database\\Console\\Migrations\\{closure}()
#13 C:\\Users\\pierr\\Desktop\\Code\\Projets Github\\PokerRange\\vendor\\laravel\\framework\\src\\Illuminate\\Database\\Console\\Migrations\\MigrateCommand.php(109): Illuminate\\Database\\Migrations\\Migrator->usingConnection()
#14 C:\\Users\\pierr\\Desktop\\Code\\Projets Github\\PokerRange\\vendor\\laravel\\framework\\src\\Illuminate\\Database\\Console\\Migrations\\MigrateCommand.php(88): Illuminate\\Database\\Console\\Migrations\\MigrateCommand->runMigrations()
#15 C:\\Users\\pierr\\Desktop\\Code\\Projets Github\\PokerRange\\vendor\\laravel\\framework\\src\\Illuminate\\Container\\BoundMethod.php(36): Illuminate\\Database\\Console\\Migrations\\MigrateCommand->handle()
#16 C:\\Users\\pierr\\Desktop\\Code\\Projets Github\\PokerRange\\vendor\\laravel\\framework\\src\\Illuminate\\Container\\Util.php(43): Illuminate\\Container\\BoundMethod::Illuminate\\Container\\{closure}()
#17 C:\\Users\\pierr\\Desktop\\Code\\Projets Github\\PokerRange\\vendor\\laravel\\framework\\src\\Illuminate\\Container\\BoundMethod.php(95): Illuminate\\Container\\Util::unwrapIfClosure()
#18 C:\\Users\\pierr\\Desktop\\Code\\Projets Github\\PokerRange\\vendor\\laravel\\framework\\src\\Illuminate\\Container\\BoundMethod.php(35): Illuminate\\Container\\BoundMethod::callBoundMethod()
#19 C:\\Users\\pierr\\Desktop\\Code\\Projets Github\\PokerRange\\vendor\\laravel\\framework\\src\\Illuminate\\Container\\Container.php(690): Illuminate\\Container\\BoundMethod::call()
#20 C:\\Users\\pierr\\Desktop\\Code\\Projets Github\\PokerRange\\vendor\\laravel\\framework\\src\\Illuminate\\Console\\Command.php(213): Illuminate\\Container\\Container->call()
#21 C:\\Users\\pierr\\Desktop\\Code\\Projets Github\\PokerRange\\vendor\\symfony\\console\\Command\\Command.php(279): Illuminate\\Console\\Command->execute()
#22 C:\\Users\\pierr\\Desktop\\Code\\Projets Github\\PokerRange\\vendor\\laravel\\framework\\src\\Illuminate\\Console\\Command.php(182): Symfony\\Component\\Console\\Command\\Command->run()
#23 C:\\Users\\pierr\\Desktop\\Code\\Projets Github\\PokerRange\\vendor\\symfony\\console\\Application.php(1047): Illuminate\\Console\\Command->run()
#24 C:\\Users\\pierr\\Desktop\\Code\\Projets Github\\PokerRange\\vendor\\symfony\\console\\Application.php(316): Symfony\\Component\\Console\\Application->doRunCommand()
#25 C:\\Users\\pierr\\Desktop\\Code\\Projets Github\\PokerRange\\vendor\\symfony\\console\\Application.php(167): Symfony\\Component\\Console\\Application->doRun()
#26 C:\\Users\\pierr\\Desktop\\Code\\Projets Github\\PokerRange\\vendor\\laravel\\framework\\src\\Illuminate\\Foundation\\Console\\Kernel.php(197): Symfony\\Component\\Console\\Application->run()
#27 C:\\Users\\pierr\\Desktop\\Code\\Projets Github\\PokerRange\\vendor\\laravel\\framework\\src\\Illuminate\\Foundation\\Application.php(1203): Illuminate\\Foundation\\Console\\Kernel->handle()
#28 C:\\Users\\pierr\\Desktop\\Code\\Projets Github\\PokerRange\\artisan(13): Illuminate\\Foundation\\Application->handleCommand()
#29 {main}

[previous exception] [object] (PDOException(code: 0): could not find driver at C:\\Users\\pierr\\Desktop\\Code\\Projets Github\\PokerRange\\vendor\\laravel\\framework\\src\\Illuminate\\Database\\Connectors\\Connector.php:66)
[stacktrace]
#0 C:\\Users\\pierr\\Desktop\\Code\\Projets Github\\PokerRange\\vendor\\laravel\\framework\\src\\Illuminate\\Database\\Connectors\\Connector.php(66): PDO->__construct()
#1 C:\\Users\\pierr\\Desktop\\Code\\Projets Github\\PokerRange\\vendor\\laravel\\framework\\src\\Illuminate\\Database\\Connectors\\Connector.php(44): Illuminate\\Database\\Connectors\\Connector->createPdoConnection()
#2 C:\\Users\\pierr\\Desktop\\Code\\Projets Github\\PokerRange\\vendor\\laravel\\framework\\src\\Illuminate\\Database\\Connectors\\MySqlConnector.php(24): Illuminate\\Database\\Connectors\\Connector->createConnection()
#3 C:\\Users\\pierr\\Desktop\\Code\\Projets Github\\PokerRange\\vendor\\laravel\\framework\\src\\Illuminate\\Database\\Connectors\\ConnectionFactory.php(185): Illuminate\\Database\\Connectors\\MySqlConnector->connect()
#4 [internal function]: Illuminate\\Database\\Connectors\\ConnectionFactory->Illuminate\\Database\\Connectors\\{closure}()
#5 C:\\Users\\pierr\\Desktop\\Code\\Projets Github\\PokerRange\\vendor\\laravel\\framework\\src\\Illuminate\\Database\\Connection.php(1231): call_user_func()
#6 C:\\Users\\pierr\\Desktop\\Code\\Projets Github\\PokerRange\\vendor\\laravel\\framework\\src\\Illuminate\\Database\\Connection.php(1267): Illuminate\\Database\\Connection->getPdo()
#7 C:\\Users\\pierr\\Desktop\\Code\\Projets Github\\PokerRange\\vendor\\laravel\\framework\\src\\Illuminate\\Database\\Connection.php(512): Illuminate\\Database\\Connection->getReadPdo()
#8 C:\\Users\\pierr\\Desktop\\Code\\Projets Github\\PokerRange\\vendor\\laravel\\framework\\src\\Illuminate\\Database\\Connection.php(407): Illuminate\\Database\\Connection->getPdoForSelect()
#9 C:\\Users\\pierr\\Desktop\\Code\\Projets Github\\PokerRange\\vendor\\laravel\\framework\\src\\Illuminate\\Database\\Connection.php(812): Illuminate\\Database\\Connection->Illuminate\\Database\\{closure}()
#10 C:\\Users\\pierr\\Desktop\\Code\\Projets Github\\PokerRange\\vendor\\laravel\\framework\\src\\Illuminate\\Database\\Connection.php(779): Illuminate\\Database\\Connection->runQueryCallback()
#11 C:\\Users\\pierr\\Desktop\\Code\\Projets Github\\PokerRange\\vendor\\laravel\\framework\\src\\Illuminate\\Database\\Connection.php(398): Illuminate\\Database\\Connection->run()
#12 C:\\Users\\pierr\\Desktop\\Code\\Projets Github\\PokerRange\\vendor\\laravel\\framework\\src\\Illuminate\\Database\\Connection.php(344): Illuminate\\Database\\Connection->select()
#13 C:\\Users\\pierr\\Desktop\\Code\\Projets Github\\PokerRange\\vendor\\laravel\\framework\\src\\Illuminate\\Database\\Connection.php(361): Illuminate\\Database\\Connection->selectOne()
#14 C:\\Users\\pierr\\Desktop\\Code\\Projets Github\\PokerRange\\vendor\\laravel\\framework\\src\\Illuminate\\Database\\Schema\\MySqlBuilder.php(45): Illuminate\\Database\\Connection->scalar()
#15 C:\\Users\\pierr\\Desktop\\Code\\Projets Github\\PokerRange\\vendor\\laravel\\framework\\src\\Illuminate\\Database\\Migrations\\DatabaseMigrationRepository.php(184): Illuminate\\Database\\Schema\\MySqlBuilder->hasTable()
#16 C:\\Users\\pierr\\Desktop\\Code\\Projets Github\\PokerRange\\vendor\\laravel\\framework\\src\\Illuminate\\Database\\Migrations\\Migrator.php(680): Illuminate\\Database\\Migrations\\DatabaseMigrationRepository->repositoryExists()
#17 C:\\Users\\pierr\\Desktop\\Code\\Projets Github\\PokerRange\\vendor\\laravel\\framework\\src\\Illuminate\\Database\\Console\\Migrations\\MigrateCommand.php(164): Illuminate\\Database\\Migrations\\Migrator->repositoryExists()
#18 C:\\Users\\pierr\\Desktop\\Code\\Projets Github\\PokerRange\\vendor\\laravel\\framework\\src\\Illuminate\\Support\\helpers.php(319): Illuminate\\Database\\Console\\Migrations\\MigrateCommand->Illuminate\\Database\\Console\\Migrations\\{closure}()
#19 C:\\Users\\pierr\\Desktop\\Code\\Projets Github\\PokerRange\\vendor\\laravel\\framework\\src\\Illuminate\\Database\\Console\\Migrations\\MigrateCommand.php(164): retry()
#20 C:\\Users\\pierr\\Desktop\\Code\\Projets Github\\PokerRange\\vendor\\laravel\\framework\\src\\Illuminate\\Database\\Console\\Migrations\\MigrateCommand.php(140): Illuminate\\Database\\Console\\Migrations\\MigrateCommand->repositoryExists()
#21 C:\\Users\\pierr\\Desktop\\Code\\Projets Github\\PokerRange\\vendor\\laravel\\framework\\src\\Illuminate\\Database\\Console\\Migrations\\MigrateCommand.php(110): Illuminate\\Database\\Console\\Migrations\\MigrateCommand->prepareDatabase()
#22 C:\\Users\\pierr\\Desktop\\Code\\Projets Github\\PokerRange\\vendor\\laravel\\framework\\src\\Illuminate\\Database\\Migrations\\Migrator.php(615): Illuminate\\Database\\Console\\Migrations\\MigrateCommand->Illuminate\\Database\\Console\\Migrations\\{closure}()
#23 C:\\Users\\pierr\\Desktop\\Code\\Projets Github\\PokerRange\\vendor\\laravel\\framework\\src\\Illuminate\\Database\\Console\\Migrations\\MigrateCommand.php(109): Illuminate\\Database\\Migrations\\Migrator->usingConnection()
#24 C:\\Users\\pierr\\Desktop\\Code\\Projets Github\\PokerRange\\vendor\\laravel\\framework\\src\\Illuminate\\Database\\Console\\Migrations\\MigrateCommand.php(88): Illuminate\\Database\\Console\\Migrations\\MigrateCommand->runMigrations()
#25 C:\\Users\\pierr\\Desktop\\Code\\Projets Github\\PokerRange\\vendor\\laravel\\framework\\src\\Illuminate\\Container\\BoundMethod.php(36): Illuminate\\Database\\Console\\Migrations\\MigrateCommand->handle()
#26 C:\\Users\\pierr\\Desktop\\Code\\Projets Github\\PokerRange\\vendor\\laravel\\framework\\src\\Illuminate\\Container\\Util.php(43): Illuminate\\Container\\BoundMethod::Illuminate\\Container\\{closure}()
#27 C:\\Users\\pierr\\Desktop\\Code\\Projets Github\\PokerRange\\vendor\\laravel\\framework\\src\\Illuminate\\Container\\BoundMethod.php(95): Illuminate\\Container\\Util::unwrapIfClosure()
#28 C:\\Users\\pierr\\Desktop\\Code\\Projets Github\\PokerRange\\vendor\\laravel\\framework\\src\\Illuminate\\Container\\BoundMethod.php(35): Illuminate\\Container\\BoundMethod::callBoundMethod()
#29 C:\\Users\\pierr\\Desktop\\Code\\Projets Github\\PokerRange\\vendor\\laravel\\framework\\src\\Illuminate\\Container\\Container.php(690): Illuminate\\Container\\BoundMethod::call()
#30 C:\\Users\\pierr\\Desktop\\Code\\Projets Github\\PokerRange\\vendor\\laravel\\framework\\src\\Illuminate\\Console\\Command.php(213): Illuminate\\Container\\Container->call()
#31 C:\\Users\\pierr\\Desktop\\Code\\Projets Github\\PokerRange\\vendor\\symfony\\console\\Command\\Command.php(279): Illuminate\\Console\\Command->execute()
#32 C:\\Users\\pierr\\Desktop\\Code\\Projets Github\\PokerRange\\vendor\\laravel\\framework\\src\\Illuminate\\Console\\Command.php(182): Symfony\\Component\\Console\\Command\\Command->run()
#33 C:\\Users\\pierr\\Desktop\\Code\\Projets Github\\PokerRange\\vendor\\symfony\\console\\Application.php(1047): Illuminate\\Console\\Command->run()
#34 C:\\Users\\pierr\\Desktop\\Code\\Projets Github\\PokerRange\\vendor\\symfony\\console\\Application.php(316): Symfony\\Component\\Console\\Application->doRunCommand()
#35 C:\\Users\\pierr\\Desktop\\Code\\Projets Github\\PokerRange\\vendor\\symfony\\console\\Application.php(167): Symfony\\Component\\Console\\Application->doRun()
#36 C:\\Users\\pierr\\Desktop\\Code\\Projets Github\\PokerRange\\vendor\\laravel\\framework\\src\\Illuminate\\Foundation\\Console\\Kernel.php(197): Symfony\\Component\\Console\\Application->run()
#37 C:\\Users\\pierr\\Desktop\\Code\\Projets Github\\PokerRange\\vendor\\laravel\\framework\\src\\Illuminate\\Foundation\\Application.php(1203): Illuminate\\Foundation\\Console\\Kernel->handle()
#38 C:\\Users\\pierr\\Desktop\\Code\\Projets Github\\PokerRange\\artisan(13): Illuminate\\Foundation\\Application->handleCommand()
#39 {main}
"} 
[2024-11-06 09:09:10] local.ERROR: No application encryption key has been specified. {"exception":"[object] (Illuminate\\Encryption\\MissingAppKeyException(code: 0): No application encryption key has been specified. at C:\\Users\\pierr\\Desktop\\Code\\Projets Github\\PokerRange\\vendor\\laravel\\framework\\src\\Illuminate\\Encryption\\EncryptionServiceProvider.php:83)
[stacktrace]
#0 C:\\Users\\pierr\\Desktop\\Code\\Projets Github\\PokerRange\\vendor\\laravel\\framework\\src\\Illuminate\\Support\\helpers.php(380): Illuminate\\Encryption\\EncryptionServiceProvider->Illuminate\\Encryption\\{closure}()
#1 C:\\Users\\pierr\\Desktop\\Code\\Projets Github\\PokerRange\\vendor\\laravel\\framework\\src\\Illuminate\\Encryption\\EncryptionServiceProvider.php(81): tap()
#2 C:\\Users\\pierr\\Desktop\\Code\\Projets Github\\PokerRange\\vendor\\laravel\\framework\\src\\Illuminate\\Encryption\\EncryptionServiceProvider.php(64): Illuminate\\Encryption\\EncryptionServiceProvider->key()
#3 C:\\Users\\pierr\\Desktop\\Code\\Projets Github\\PokerRange\\vendor\\laravel\\framework\\src\\Illuminate\\Encryption\\EncryptionServiceProvider.php(32): Illuminate\\Encryption\\EncryptionServiceProvider->parseKey()
#4 C:\\Users\\pierr\\Desktop\\Code\\Projets Github\\PokerRange\\vendor\\laravel\\framework\\src\\Illuminate\\Container\\Container.php(931): Illuminate\\Encryption\\EncryptionServiceProvider->Illuminate\\Encryption\\{closure}()
#5 C:\\Users\\pierr\\Desktop\\Code\\Projets Github\\PokerRange\\vendor\\laravel\\framework\\src\\Illuminate\\Container\\Container.php(815): Illuminate\\Container\\Container->build()
#6 C:\\Users\\pierr\\Desktop\\Code\\Projets Github\\PokerRange\\vendor\\laravel\\framework\\src\\Illuminate\\Foundation\\Application.php(1046): Illuminate\\Container\\Container->resolve()
#7 C:\\Users\\pierr\\Desktop\\Code\\Projets Github\\PokerRange\\vendor\\laravel\\framework\\src\\Illuminate\\Container\\Container.php(751): Illuminate\\Foundation\\Application->resolve()
#8 C:\\Users\\pierr\\Desktop\\Code\\Projets Github\\PokerRange\\vendor\\laravel\\framework\\src\\Illuminate\\Foundation\\Application.php(1028): Illuminate\\Container\\Container->make()
#9 C:\\Users\\pierr\\Desktop\\Code\\Projets Github\\PokerRange\\vendor\\laravel\\framework\\src\\Illuminate\\Container\\Container.php(1112): Illuminate\\Foundation\\Application->make()
#10 C:\\Users\\pierr\\Desktop\\Code\\Projets Github\\PokerRange\\vendor\\laravel\\framework\\src\\Illuminate\\Container\\Container.php(1022): Illuminate\\Container\\Container->resolveClass()
#11 C:\\Users\\pierr\\Desktop\\Code\\Projets Github\\PokerRange\\vendor\\laravel\\framework\\src\\Illuminate\\Container\\Container.php(973): Illuminate\\Container\\Container->resolveDependencies()
#12 C:\\Users\\pierr\\Desktop\\Code\\Projets Github\\PokerRange\\vendor\\laravel\\framework\\src\\Illuminate\\Container\\Container.php(815): Illuminate\\Container\\Container->build()
#13 C:\\Users\\pierr\\Desktop\\Code\\Projets Github\\PokerRange\\vendor\\laravel\\framework\\src\\Illuminate\\Foundation\\Application.php(1046): Illuminate\\Container\\Container->resolve()
#14 C:\\Users\\pierr\\Desktop\\Code\\Projets Github\\PokerRange\\vendor\\laravel\\framework\\src\\Illuminate\\Container\\Container.php(751): Illuminate\\Foundation\\Application->resolve()
#15 C:\\Users\\pierr\\Desktop\\Code\\Projets Github\\PokerRange\\vendor\\laravel\\framework\\src\\Illuminate\\Foundation\\Application.php(1028): Illuminate\\Container\\Container->make()
#16 C:\\Users\\pierr\\Desktop\\Code\\Projets Github\\PokerRange\\vendor\\laravel\\framework\\src\\Illuminate\\Pipeline\\Pipeline.php(172): Illuminate\\Foundation\\Application->make()
#17 C:\\Users\\pierr\\Desktop\\Code\\Projets Github\\PokerRange\\vendor\\laravel\\framework\\src\\Illuminate\\Pipeline\\Pipeline.php(119): Illuminate\\Pipeline\\Pipeline->Illuminate\\Pipeline\\{closure}()
#18 C:\\Users\\pierr\\Desktop\\Code\\Projets Github\\PokerRange\\vendor\\laravel\\framework\\src\\Illuminate\\Routing\\Router.php(807): Illuminate\\Pipeline\\Pipeline->then()
#19 C:\\Users\\pierr\\Desktop\\Code\\Projets Github\\PokerRange\\vendor\\laravel\\framework\\src\\Illuminate\\Routing\\Router.php(786): Illuminate\\Routing\\Router->runRouteWithinStack()
#20 C:\\Users\\pierr\\Desktop\\Code\\Projets Github\\PokerRange\\vendor\\laravel\\framework\\src\\Illuminate\\Routing\\Router.php(750): Illuminate\\Routing\\Router->runRoute()
#21 C:\\Users\\pierr\\Desktop\\Code\\Projets Github\\PokerRange\\vendor\\laravel\\framework\\src\\Illuminate\\Routing\\Router.php(739): Illuminate\\Routing\\Router->dispatchToRoute()
#22 C:\\Users\\pierr\\Desktop\\Code\\Projets Github\\PokerRange\\vendor\\laravel\\framework\\src\\Illuminate\\Foundation\\Http\\Kernel.php(201): Illuminate\\Routing\\Router->dispatch()
#23 C:\\Users\\pierr\\Desktop\\Code\\Projets Github\\PokerRange\\vendor\\laravel\\framework\\src\\Illuminate\\Pipeline\\Pipeline.php(144): Illuminate\\Foundation\\Http\\Kernel->Illuminate\\Foundation\\Http\\{closure}()
#24 C:\\Users\\pierr\\Desktop\\Code\\Projets Github\\PokerRange\\vendor\\laravel\\framework\\src\\Illuminate\\Foundation\\Http\\Middleware\\TransformsRequest.php(21): Illuminate\\Pipeline\\Pipeline->Illuminate\\Pipeline\\{closure}()
#25 C:\\Users\\pierr\\Desktop\\Code\\Projets Github\\PokerRange\\vendor\\laravel\\framework\\src\\Illuminate\\Foundation\\Http\\Middleware\\ConvertEmptyStringsToNull.php(31): Illuminate\\Foundation\\Http\\Middleware\\TransformsRequest->handle()
#26 C:\\Users\\pierr\\Desktop\\Code\\Projets Github\\PokerRange\\vendor\\laravel\\framework\\src\\Illuminate\\Pipeline\\Pipeline.php(183): Illuminate\\Foundation\\Http\\Middleware\\ConvertEmptyStringsToNull->handle()
#27 C:\\Users\\pierr\\Desktop\\Code\\Projets Github\\PokerRange\\vendor\\laravel\\framework\\src\\Illuminate\\Foundation\\Http\\Middleware\\TransformsRequest.php(21): Illuminate\\Pipeline\\Pipeline->Illuminate\\Pipeline\\{closure}()
#28 C:\\Users\\pierr\\Desktop\\Code\\Projets Github\\PokerRange\\vendor\\laravel\\framework\\src\\Illuminate\\Foundation\\Http\\Middleware\\TrimStrings.php(51): Illuminate\\Foundation\\Http\\Middleware\\TransformsRequest->handle()
#29 C:\\Users\\pierr\\Desktop\\Code\\Projets Github\\PokerRange\\vendor\\laravel\\framework\\src\\Illuminate\\Pipeline\\Pipeline.php(183): Illuminate\\Foundation\\Http\\Middleware\\TrimStrings->handle()
#30 C:\\Users\\pierr\\Desktop\\Code\\Projets Github\\PokerRange\\vendor\\laravel\\framework\\src\\Illuminate\\Http\\Middleware\\ValidatePostSize.php(27): Illuminate\\Pipeline\\Pipeline->Illuminate\\Pipeline\\{closure}()
#31 C:\\Users\\pierr\\Desktop\\Code\\Projets Github\\PokerRange\\vendor\\laravel\\framework\\src\\Illuminate\\Pipeline\\Pipeline.php(183): Illuminate\\Http\\Middleware\\ValidatePostSize->handle()
#32 C:\\Users\\pierr\\Desktop\\Code\\Projets Github\\PokerRange\\vendor\\laravel\\framework\\src\\Illuminate\\Foundation\\Http\\Middleware\\PreventRequestsDuringMaintenance.php(110): Illuminate\\Pipeline\\Pipeline->Illuminate\\Pipeline\\{closure}()
#33 C:\\Users\\pierr\\Desktop\\Code\\Projets Github\\PokerRange\\vendor\\laravel\\framework\\src\\Illuminate\\Pipeline\\Pipeline.php(183): Illuminate\\Foundation\\Http\\Middleware\\PreventRequestsDuringMaintenance->handle()
#34 C:\\Users\\pierr\\Desktop\\Code\\Projets Github\\PokerRange\\vendor\\laravel\\framework\\src\\Illuminate\\Http\\Middleware\\HandleCors.php(49): Illuminate\\Pipeline\\Pipeline->Illuminate\\Pipeline\\{closure}()
#35 C:\\Users\\pierr\\Desktop\\Code\\Projets Github\\PokerRange\\vendor\\laravel\\framework\\src\\Illuminate\\Pipeline\\Pipeline.php(183): Illuminate\\Http\\Middleware\\HandleCors->handle()
#36 C:\\Users\\pierr\\Desktop\\Code\\Projets Github\\PokerRange\\vendor\\laravel\\framework\\src\\Illuminate\\Http\\Middleware\\TrustProxies.php(58): Illuminate\\Pipeline\\Pipeline->Illuminate\\Pipeline\\{closure}()
#37 C:\\Users\\pierr\\Desktop\\Code\\Projets Github\\PokerRange\\vendor\\laravel\\framework\\src\\Illuminate\\Pipeline\\Pipeline.php(183): Illuminate\\Http\\Middleware\\TrustProxies->handle()
#38 C:\\Users\\pierr\\Desktop\\Code\\Projets Github\\PokerRange\\vendor\\laravel\\framework\\src\\Illuminate\\Foundation\\Http\\Middleware\\InvokeDeferredCallbacks.php(22): Illuminate\\Pipeline\\Pipeline->Illuminate\\Pipeline\\{closure}()
#39 C:\\Users\\pierr\\Desktop\\Code\\Projets Github\\PokerRange\\vendor\\laravel\\framework\\src\\Illuminate\\Pipeline\\Pipeline.php(183): Illuminate\\Foundation\\Http\\Middleware\\InvokeDeferredCallbacks->handle()
#40 C:\\Users\\pierr\\Desktop\\Code\\Projets Github\\PokerRange\\vendor\\laravel\\framework\\src\\Illuminate\\Pipeline\\Pipeline.php(119): Illuminate\\Pipeline\\Pipeline->Illuminate\\Pipeline\\{closure}()
#41 C:\\Users\\pierr\\Desktop\\Code\\Projets Github\\PokerRange\\vendor\\laravel\\framework\\src\\Illuminate\\Foundation\\Http\\Kernel.php(176): Illuminate\\Pipeline\\Pipeline->then()
#42 C:\\Users\\pierr\\Desktop\\Code\\Projets Github\\PokerRange\\vendor\\laravel\\framework\\src\\Illuminate\\Foundation\\Http\\Kernel.php(145): Illuminate\\Foundation\\Http\\Kernel->sendRequestThroughRouter()
#43 C:\\Users\\pierr\\Desktop\\Code\\Projets Github\\PokerRange\\vendor\\laravel\\framework\\src\\Illuminate\\Foundation\\Application.php(1188): Illuminate\\Foundation\\Http\\Kernel->handle()
#44 C:\\Users\\pierr\\Desktop\\Code\\Projets Github\\PokerRange\\public\\index.php(17): Illuminate\\Foundation\\Application->handleRequest()
#45 C:\\Users\\pierr\\Desktop\\Code\\Projets Github\\PokerRange\\vendor\\laravel\\framework\\src\\Illuminate\\Foundation\\resources\\server.php(23): require_once('...')
#46 {main}
"} 
[2024-11-06 09:09:12] local.ERROR: No application encryption key has been specified. {"exception":"[object] (Illuminate\\Encryption\\MissingAppKeyException(code: 0): No application encryption key has been specified. at C:\\Users\\pierr\\Desktop\\Code\\Projets Github\\PokerRange\\vendor\\laravel\\framework\\src\\Illuminate\\Encryption\\EncryptionServiceProvider.php:83)
[stacktrace]
#0 C:\\Users\\pierr\\Desktop\\Code\\Projets Github\\PokerRange\\vendor\\laravel\\framework\\src\\Illuminate\\Support\\helpers.php(380): Illuminate\\Encryption\\EncryptionServiceProvider->Illuminate\\Encryption\\{closure}()
#1 C:\\Users\\pierr\\Desktop\\Code\\Projets Github\\PokerRange\\vendor\\laravel\\framework\\src\\Illuminate\\Encryption\\EncryptionServiceProvider.php(81): tap()
#2 C:\\Users\\pierr\\Desktop\\Code\\Projets Github\\PokerRange\\vendor\\laravel\\framework\\src\\Illuminate\\Encryption\\EncryptionServiceProvider.php(64): Illuminate\\Encryption\\EncryptionServiceProvider->key()
#3 C:\\Users\\pierr\\Desktop\\Code\\Projets Github\\PokerRange\\vendor\\laravel\\framework\\src\\Illuminate\\Encryption\\EncryptionServiceProvider.php(32): Illuminate\\Encryption\\EncryptionServiceProvider->parseKey()
#4 C:\\Users\\pierr\\Desktop\\Code\\Projets Github\\PokerRange\\vendor\\laravel\\framework\\src\\Illuminate\\Container\\Container.php(931): Illuminate\\Encryption\\EncryptionServiceProvider->Illuminate\\Encryption\\{closure}()
#5 C:\\Users\\pierr\\Desktop\\Code\\Projets Github\\PokerRange\\vendor\\laravel\\framework\\src\\Illuminate\\Container\\Container.php(815): Illuminate\\Container\\Container->build()
#6 C:\\Users\\pierr\\Desktop\\Code\\Projets Github\\PokerRange\\vendor\\laravel\\framework\\src\\Illuminate\\Foundation\\Application.php(1046): Illuminate\\Container\\Container->resolve()
#7 C:\\Users\\pierr\\Desktop\\Code\\Projets Github\\PokerRange\\vendor\\laravel\\framework\\src\\Illuminate\\Container\\Container.php(751): Illuminate\\Foundation\\Application->resolve()
#8 C:\\Users\\pierr\\Desktop\\Code\\Projets Github\\PokerRange\\vendor\\laravel\\framework\\src\\Illuminate\\Foundation\\Application.php(1028): Illuminate\\Container\\Container->make()
#9 C:\\Users\\pierr\\Desktop\\Code\\Projets Github\\PokerRange\\vendor\\laravel\\framework\\src\\Illuminate\\Container\\Container.php(1112): Illuminate\\Foundation\\Application->make()
#10 C:\\Users\\pierr\\Desktop\\Code\\Projets Github\\PokerRange\\vendor\\laravel\\framework\\src\\Illuminate\\Container\\Container.php(1022): Illuminate\\Container\\Container->resolveClass()
#11 C:\\Users\\pierr\\Desktop\\Code\\Projets Github\\PokerRange\\vendor\\laravel\\framework\\src\\Illuminate\\Container\\Container.php(973): Illuminate\\Container\\Container->resolveDependencies()
#12 C:\\Users\\pierr\\Desktop\\Code\\Projets Github\\PokerRange\\vendor\\laravel\\framework\\src\\Illuminate\\Container\\Container.php(815): Illuminate\\Container\\Container->build()
#13 C:\\Users\\pierr\\Desktop\\Code\\Projets Github\\PokerRange\\vendor\\laravel\\framework\\src\\Illuminate\\Foundation\\Application.php(1046): Illuminate\\Container\\Container->resolve()
#14 C:\\Users\\pierr\\Desktop\\Code\\Projets Github\\PokerRange\\vendor\\laravel\\framework\\src\\Illuminate\\Container\\Container.php(751): Illuminate\\Foundation\\Application->resolve()
#15 C:\\Users\\pierr\\Desktop\\Code\\Projets Github\\PokerRange\\vendor\\laravel\\framework\\src\\Illuminate\\Foundation\\Application.php(1028): Illuminate\\Container\\Container->make()
#16 C:\\Users\\pierr\\Desktop\\Code\\Projets Github\\PokerRange\\vendor\\laravel\\framework\\src\\Illuminate\\Foundation\\Http\\Kernel.php(258): Illuminate\\Foundation\\Application->make()
#17 C:\\Users\\pierr\\Desktop\\Code\\Projets Github\\PokerRange\\vendor\\laravel\\framework\\src\\Illuminate\\Foundation\\Http\\Kernel.php(216): Illuminate\\Foundation\\Http\\Kernel->terminateMiddleware()
#18 C:\\Users\\pierr\\Desktop\\Code\\Projets Github\\PokerRange\\vendor\\laravel\\framework\\src\\Illuminate\\Foundation\\Application.php(1190): Illuminate\\Foundation\\Http\\Kernel->terminate()
#19 C:\\Users\\pierr\\Desktop\\Code\\Projets Github\\PokerRange\\public\\index.php(17): Illuminate\\Foundation\\Application->handleRequest()
#20 C:\\Users\\pierr\\Desktop\\Code\\Projets Github\\PokerRange\\vendor\\laravel\\framework\\src\\Illuminate\\Foundation\\resources\\server.php(23): require_once('...')
#21 {main}
"} 
